<?xml version="1.0" encoding="UTF-8"?>
<!-- Generated by org.testng.reporters.JUnitXMLReporter -->
<testsuite ignored="0" hostname="DESKTOP-V39QH6A" failures="1" tests="2" name="Chrome" time="49.526" errors="0" timestamp="2022-05-13T07:40:39 IST">
  <testcase classname="com.banking.tests.NewAccountCreation" name="verify_User_Addition" time="11.521"/>
  <testcase classname="com.banking.tests.NewAccountCreation" name="verifyCreateUserLogin" time="7.389">
    <failure type="java.lang.AssertionError" message="expected [false] but found [true]">
      <![CDATA[java.lang.AssertionError: expected [false] but found [true]
at com.banking.tests.NewAccountCreation.verifyCreateUserLogin(NewAccountCreation.java:79)
at java.base/java.util.ArrayList.forEach(ArrayList.java:1511)
... Removed 31 stack frames]]>
    </failure>
  </testcase> <!-- verifyCreateUserLogin -->
</testsuite> <!-- Chrome -->
