<?xml version="1.0" encoding="UTF-8"?>
<testng-results ignored="0" total="2" passed="1" failed="1" skipped="0">
  <reporter-output>
  </reporter-output>
  <suite started-at="2022-05-13T07:39:49 IST" name="Suite" finished-at="2022-05-13T07:40:39 IST" duration-ms="49526">
    <groups>
    </groups>
    <test started-at="2022-05-13T07:39:49 IST" name="Chrome" finished-at="2022-05-13T07:40:39 IST" duration-ms="49526">
      <class name="com.banking.tests.NewAccountCreation">
        <test-method is-config="true" signature="initializeReport()[pri:0, instance:com.banking.tests.NewAccountCreation@13518f37]" started-at="2022-05-13T07:39:48 IST" name="initializeReport" finished-at="2022-05-13T07:39:49 IST" duration-ms="1557" status="PASS">
          <reporter-output>
          </reporter-output>
        </test-method> <!-- initializeReport -->
        <test-method is-config="true" signature="invokingApplication(java.lang.String,java.lang.reflect.Method)[pri:0, instance:com.banking.tests.NewAccountCreation@13518f37]" started-at="2022-05-13T07:39:49 IST" name="invokingApplication" finished-at="2022-05-13T07:40:13 IST" duration-ms="23806" status="PASS">
          <params>
            <param index="0">
              <value>
                <![CDATA[Chrome]]>
              </value>
            </param>
            <param index="1">
              <value>
                <![CDATA[public void com.banking.tests.NewAccountCreation.verify_User_Addition() throws java.io.IOException]]>
              </value>
            </param>
          </params>
          <reporter-output>
          </reporter-output>
        </test-method> <!-- invokingApplication -->
        <test-method signature="verify_User_Addition()[pri:0, instance:com.banking.tests.NewAccountCreation@13518f37]" started-at="2022-05-13T07:40:13 IST" name="verify_User_Addition" finished-at="2022-05-13T07:40:25 IST" duration-ms="11521" status="PASS">
          <reporter-output>
          </reporter-output>
        </test-method> <!-- verify_User_Addition -->
        <test-method is-config="true" signature="closeBrowser()[pri:0, instance:com.banking.tests.NewAccountCreation@13518f37]" started-at="2022-05-13T07:40:25 IST" name="closeBrowser" finished-at="2022-05-13T07:40:26 IST" duration-ms="1594" status="PASS">
          <reporter-output>
          </reporter-output>
        </test-method> <!-- closeBrowser -->
        <test-method is-config="true" signature="invokingApplication(java.lang.String,java.lang.reflect.Method)[pri:0, instance:com.banking.tests.NewAccountCreation@13518f37]" started-at="2022-05-13T07:40:26 IST" name="invokingApplication" finished-at="2022-05-13T07:40:30 IST" duration-ms="3648" status="PASS">
          <params>
            <param index="0">
              <value>
                <![CDATA[Chrome]]>
              </value>
            </param>
            <param index="1">
              <value>
                <![CDATA[public void com.banking.tests.NewAccountCreation.verifyCreateUserLogin() throws java.io.IOException,java.lang.InterruptedException]]>
              </value>
            </param>
          </params>
          <reporter-output>
          </reporter-output>
        </test-method> <!-- invokingApplication -->
        <test-method signature="verifyCreateUserLogin()[pri:1, instance:com.banking.tests.NewAccountCreation@13518f37]" started-at="2022-05-13T07:40:30 IST" name="verifyCreateUserLogin" finished-at="2022-05-13T07:40:37 IST" duration-ms="7389" status="FAIL">
          <exception class="java.lang.AssertionError">
            <message>
              <![CDATA[expected [false] but found [true]]]>
            </message>
            <full-stacktrace>
              <![CDATA[java.lang.AssertionError: expected [false] but found [true]
at org.testng.Assert.fail(Assert.java:99)
at org.testng.Assert.failNotEquals(Assert.java:1037)
at org.testng.Assert.assertFalse(Assert.java:67)
at org.testng.Assert.assertFalse(Assert.java:77)
at com.banking.tests.NewAccountCreation.verifyCreateUserLogin(NewAccountCreation.java:79)
at java.base/jdk.internal.reflect.NativeMethodAccessorImpl.invoke0(Native Method)
at java.base/jdk.internal.reflect.NativeMethodAccessorImpl.invoke(NativeMethodAccessorImpl.java:64)
at java.base/jdk.internal.reflect.DelegatingMethodAccessorImpl.invoke(DelegatingMethodAccessorImpl.java:43)
at java.base/java.lang.reflect.Method.invoke(Method.java:564)
at org.testng.internal.MethodInvocationHelper.invokeMethod(MethodInvocationHelper.java:133)
at org.testng.internal.TestInvoker.invokeMethod(TestInvoker.java:598)
at org.testng.internal.TestInvoker.invokeTestMethod(TestInvoker.java:173)
at org.testng.internal.MethodRunner.runInSequence(MethodRunner.java:46)
at org.testng.internal.TestInvoker$MethodInvocationAgent.invoke(TestInvoker.java:824)
at org.testng.internal.TestInvoker.invokeTestMethods(TestInvoker.java:146)
at org.testng.internal.TestMethodWorker.invokeTestMethods(TestMethodWorker.java:146)
at org.testng.internal.TestMethodWorker.run(TestMethodWorker.java:128)
at java.base/java.util.ArrayList.forEach(ArrayList.java:1511)
at org.testng.TestRunner.privateRun(TestRunner.java:794)
at org.testng.TestRunner.run(TestRunner.java:596)
at org.testng.SuiteRunner.runTest(SuiteRunner.java:377)
at org.testng.SuiteRunner.runSequentially(SuiteRunner.java:371)
at org.testng.SuiteRunner.privateRun(SuiteRunner.java:332)
at org.testng.SuiteRunner.run(SuiteRunner.java:276)
at org.testng.SuiteRunnerWorker.runSuite(SuiteRunnerWorker.java:53)
at org.testng.SuiteRunnerWorker.run(SuiteRunnerWorker.java:96)
at org.testng.TestNG.runSuitesSequentially(TestNG.java:1212)
at org.testng.TestNG.runSuitesLocally(TestNG.java:1134)
at org.testng.TestNG.runSuites(TestNG.java:1063)
at org.testng.TestNG.run(TestNG.java:1031)
at org.testng.remote.AbstractRemoteTestNG.run(AbstractRemoteTestNG.java:115)
at org.testng.remote.RemoteTestNG.initAndRun(RemoteTestNG.java:251)
at org.testng.remote.RemoteTestNG.main(RemoteTestNG.java:77)
]]>
            </full-stacktrace>
          </exception> <!-- java.lang.AssertionError -->
          <reporter-output>
          </reporter-output>
        </test-method> <!-- verifyCreateUserLogin -->
        <test-method is-config="true" signature="closeBrowser()[pri:0, instance:com.banking.tests.NewAccountCreation@13518f37]" started-at="2022-05-13T07:40:38 IST" name="closeBrowser" finished-at="2022-05-13T07:40:39 IST" duration-ms="1126" status="PASS">
          <reporter-output>
          </reporter-output>
        </test-method> <!-- closeBrowser -->
        <test-method is-config="true" signature="closeReport()[pri:0, instance:com.banking.tests.NewAccountCreation@13518f37]" started-at="2022-05-13T07:40:39 IST" name="closeReport" finished-at="2022-05-13T07:40:41 IST" duration-ms="1751" status="PASS">
          <reporter-output>
          </reporter-output>
        </test-method> <!-- closeReport -->
      </class> <!-- com.banking.tests.NewAccountCreation -->
    </test> <!-- Chrome -->
  </suite> <!-- Suite -->
</testng-results>
